2020-11-01 19:07:18.949  INFO 27988 --- [main] lavalink.server.Launcher                 : 

[32m       .  [31m _                  _ _       _    [32m__ _ _
[32m      /\\ [31m| | __ ___   ____ _| (_)_ __ | | __[32m\ \ \ \
[32m     ( ( )[31m| |/ _` \ \ / / _` | | | '_ \| |/ /[32m \ \ \ \
[32m      \\/ [31m| | (_| |\ V / (_| | | | | | |   < [32m  ) ) ) )
[32m       '  [31m|_|\__,_| \_/ \__,_|_|_|_| |_|_|\_\[32m / / / /
[0m    =========================================[32m/_/_/_/[0m

	Version:        3.3.1.4
	Build:          1128
	Build time:     28.10.2020 16:23:24 UTC
	Branch          JackTheEternalVirgin
	Commit:         6f0a682
	Commit time:    29.09.2020 10:25:53 UTC
	JVM:            11.0.9
	Lavaplayer      1.3.53

2020-11-01 19:07:19.208  INFO 27988 --- [main] lavalink.server.Launcher                 : Starting Launcher on InfiniteCode with PID 27988 (C:\Users\podpo\AppData\Local\Red-DiscordBot\Red-DiscordBot\data\foxy\cogs\Audio\Lavalink.jar started by podpo in C:\Users\podpo\AppData\Local\Red-DiscordBot\Red-DiscordBot\data\foxy\cogs\Audio)
2020-11-01 19:07:19.210  INFO 27988 --- [main] lavalink.server.Launcher                 : No active profile set, falling back to default profiles: default
2020-11-01 19:07:19.435  WARN 27988 --- [background-preinit] o.s.h.c.j.Jackson2ObjectMapperBuilder    : For Jackson Kotlin classes support please add "com.fasterxml.jackson.module:jackson-module-kotlin" to the classpath
2020-11-01 19:07:23.835  WARN 27988 --- [main] io.undertow.websockets.jsr               : UT026010: Buffer pool was not set on WebSocketDeploymentInfo, the default pool will be used
2020-11-01 19:07:23.895  INFO 27988 --- [main] io.undertow.servlet                      : Initializing Spring embedded WebApplicationContext
2020-11-01 19:07:23.896  INFO 27988 --- [main] o.s.web.context.ContextLoader            : Root WebApplicationContext: initialization completed in 4567 ms
2020-11-01 19:07:25.113  WARN 27988 --- [main] l.server.config.SentryConfiguration      : Turning off sentry
2020-11-01 19:07:26.420  INFO 27988 --- [main] c.s.d.l.tools.GarbageCollectionMonitor   : GC monitoring enabled, reporting results every 2 minutes.
2020-11-01 19:07:27.036  INFO 27988 --- [main] lavalink.server.config.KoeConfiguration  : OS: Windows 10, Arch: amd64
2020-11-01 19:07:27.037  WARN 27988 --- [main] lavalink.server.config.KoeConfiguration  : This system and architecture appears to not support native audio sending! GC pauses may cause your bot to stutter during playback.
2020-11-01 19:07:27.607  INFO 27988 --- [main] o.s.s.concurrent.ThreadPoolTaskExecutor  : Initializing ExecutorService 'applicationTaskExecutor'
2020-11-01 19:07:28.421  INFO 27988 --- [main] org.xnio                                 : XNIO version 3.3.8.Final
2020-11-01 19:07:28.452  INFO 27988 --- [main] org.xnio.nio                             : XNIO NIO Implementation Version 3.3.8.Final
2020-11-01 19:07:28.599  INFO 27988 --- [main] o.s.b.w.e.u.UndertowServletWebServer     : Undertow started on port(s) 2333 (http) with context path ''
2020-11-01 19:07:28.654  INFO 27988 --- [main] lavalink.server.Launcher                 : Started Launcher in 11.269 seconds (JVM running for 14.034)
2020-11-01 19:07:28.658  INFO 27988 --- [main] lavalink.server.Launcher                 : You can safely ignore the big red warning about illegal reflection. See https://github.com/Frederikam/Lavalink/issues/295
2020-11-01 19:07:28.796  INFO 27988 --- [XNIO-1 task-1] io.undertow.servlet                      : Initializing Spring DispatcherServlet 'dispatcherServlet'
2020-11-01 19:07:28.797  INFO 27988 --- [XNIO-1 task-1] o.s.web.servlet.DispatcherServlet        : Initializing Servlet 'dispatcherServlet'
2020-11-01 19:07:28.818  INFO 27988 --- [XNIO-1 task-1] o.s.web.servlet.DispatcherServlet        : Completed initialization in 20 ms
2020-11-01 19:07:28.871  INFO 27988 --- [XNIO-1 task-1] l.server.io.HandshakeInterceptorImpl     : Incoming connection from /0:0:0:0:0:0:0:1:50067
2020-11-01 19:07:29.006  INFO 27988 --- [XNIO-1 task-1] lavalink.server.io.SocketServer          : Connection successfully established from /0:0:0:0:0:0:0:1:50067
2020-11-01 19:07:29.038  INFO 27988 --- [XNIO-1 I/O-3] lavalink.server.io.SocketServer          : {"op": "configureResuming", "key": "Red-Core-Audio-650415031816814593-foxy", "timeout": 60}
