[2020-11-11 08:54:44] [ERROR] red.jackcogs.autogist: No valid token found
[2020-11-11 08:55:14] [ERROR] red: Failed to load package bday (timeout)
Traceback (most recent call last):
  File "c:\users\podpo\redenv\lib\site-packages\redbot\core\bot.py", line 893, in pre_flight
    await asyncio.wait_for(self.load_extension(spec), 30)
  File "C:\Program Files\Python38\lib\asyncio\tasks.py", line 490, in wait_for
    raise exceptions.TimeoutError()
asyncio.exceptions.TimeoutError
[2020-11-11 08:55:23] [ERROR] red.core.cogs.Streams: Twitch OAuth2 API request failed with status code 400 and error message: missing client id
[2020-11-11 08:55:24] [ERROR] red.cogs.Audio.cog.Tasks.lavalink: Unhandled exception whilst starting internal Lavalink server, aborting...
Traceback (most recent call last):
  File "c:\users\podpo\redenv\lib\site-packages\redbot\cogs\audio\core\tasks\lavalink.py", line 49, in lavalink_attempt_connect
    await self.player_manager.start(java_exec)
  File "c:\users\podpo\redenv\lib\site-packages\redbot\cogs\audio\manager.py", line 111, in start
    await self.maybe_download_jar()
  File "c:\users\podpo\redenv\lib\site-packages\redbot\cogs\audio\manager.py", line 332, in maybe_download_jar
    if not (LAVALINK_JAR_FILE.exists() and await self._is_up_to_date()):
  File "c:\users\podpo\redenv\lib\site-packages\redbot\cogs\audio\manager.py", line 295, in _is_up_to_date
    args = await self._get_jar_args()
  File "c:\users\podpo\redenv\lib\site-packages\redbot\cogs\audio\manager.py", line 140, in _get_jar_args
    raise RuntimeError("You must install Java 11 for Lavalink to run.")
RuntimeError: You must install Java 11 for Lavalink to run.
